[debug] [2024-11-05T08:21:27.063Z] ----------------------------------------------------------------------
[debug] [2024-11-05T08:21:27.066Z] Command:       E:\S O F T W A R E S\node.exe C:\Users\S D\AppData\Roaming\npm\node_modules\firebase-tools\lib\bin\firebase.js init
[debug] [2024-11-05T08:21:27.067Z] CLI Version:   13.23.0
[debug] [2024-11-05T08:21:27.067Z] Platform:      win32
[debug] [2024-11-05T08:21:27.067Z] Node Version:  v20.16.0
[debug] [2024-11-05T08:21:27.067Z] Time:          Tue Nov 05 2024 13:51:27 GMT+0530 (India Standard Time)
[debug] [2024-11-05T08:21:27.067Z] ----------------------------------------------------------------------
[debug] 
[debug] [2024-11-05T08:21:27.212Z] > command requires scopes: ["email","openid","https://www.googleapis.com/auth/cloudplatformprojects.readonly","https://www.googleapis.com/auth/firebase","https://www.googleapis.com/auth/cloud-platform"]
[debug] [2024-11-05T08:21:27.213Z] > authorizing via signed-in user (muhammedshad9895@gmail.com)
[info] 
     ######## #### ########  ######## ########     ###     ######  ########
     ##        ##  ##     ## ##       ##     ##  ##   ##  ##       ##
     ######    ##  ########  ######   ########  #########  ######  ######
     ##        ##  ##    ##  ##       ##     ## ##     ##       ## ##
     ##       #### ##     ## ######## ########  ##     ##  ######  ########

You're about to initialize a Firebase project in this directory:

  C:\Users\S D\Downloads\chat-app

Before we get started, keep in mind:

  * You are initializing within an existing Firebase project directory

[info] 
=== Project Setup
[info] 
[info] First, let's associate this project directory with a Firebase project.
[info] You can create multiple project aliases by running firebase use --add, 
[info] but for now we'll just set up a default project.
[info] 
[debug] [2024-11-05T08:21:35.827Z] Using project from CLI flag: fyimp-cs
[debug] [2024-11-05T08:21:35.828Z] Checked if tokens are valid: false, expires at: 1730795028211
[debug] [2024-11-05T08:21:35.829Z] Checked if tokens are valid: false, expires at: 1730795028211
[debug] [2024-11-05T08:21:35.829Z] > refreshing access token with scopes: []
[debug] [2024-11-05T08:21:35.831Z] >>> [apiv2][query] POST https://www.googleapis.com/oauth2/v3/token [none]
[debug] [2024-11-05T08:21:35.831Z] >>> [apiv2][body] POST https://www.googleapis.com/oauth2/v3/token [omitted]
[debug] [2024-11-05T08:21:36.156Z] <<< [apiv2][status] POST https://www.googleapis.com/oauth2/v3/token 200
[debug] [2024-11-05T08:21:36.156Z] <<< [apiv2][body] POST https://www.googleapis.com/oauth2/v3/token [omitted]
[debug] [2024-11-05T08:21:36.192Z] >>> [apiv2][query] GET https://firebase.googleapis.com/v1beta1/projects/fyimp-cs [none]
[debug] [2024-11-05T08:21:36.622Z] <<< [apiv2][status] GET https://firebase.googleapis.com/v1beta1/projects/fyimp-cs 200
[debug] [2024-11-05T08:21:36.622Z] <<< [apiv2][body] GET https://firebase.googleapis.com/v1beta1/projects/fyimp-cs {"projectId":"fyimp-cs","projectNumber":"510676784309","displayName":"fyimp-cs","name":"projects/fyimp-cs","resources":{"hostingSite":"fyimp-cs"},"state":"ACTIVE","etag":"1_9a08a0f5-73d0-4407-ac2e-0dda832f2158"}
[info] i  Using project fyimp-cs (fyimp-cs) 
[info] 
=== Hosting Setup
[debug] [2024-11-05T08:21:36.631Z] Checked if tokens are valid: true, expires at: 1730798495156
[debug] [2024-11-05T08:21:36.631Z] Checked if tokens are valid: true, expires at: 1730798495156
[debug] [2024-11-05T08:21:36.631Z] >>> [apiv2][query] GET https://firebase.googleapis.com/v1beta1/projects/fyimp-cs [none]
[debug] [2024-11-05T08:21:36.978Z] <<< [apiv2][status] GET https://firebase.googleapis.com/v1beta1/projects/fyimp-cs 200
[debug] [2024-11-05T08:21:36.979Z] <<< [apiv2][body] GET https://firebase.googleapis.com/v1beta1/projects/fyimp-cs {"projectId":"fyimp-cs","projectNumber":"510676784309","displayName":"fyimp-cs","name":"projects/fyimp-cs","resources":{"hostingSite":"fyimp-cs"},"state":"ACTIVE","etag":"1_9a08a0f5-73d0-4407-ac2e-0dda832f2158"}
[info] 
[info] Your public directory is the folder (relative to your project directory) that
[info] will contain Hosting assets to be uploaded with firebase deploy. If you
[info] have a build process for your assets, use your build's output directory.
[info] 
[debug] [2024-11-05T08:21:56.992Z] >>> [apiv2][query] GET https://www.gstatic.com/firebasejs/releases.json [none]
[debug] [2024-11-05T08:21:57.135Z] <<< [apiv2][status] GET https://www.gstatic.com/firebasejs/releases.json 200
[debug] [2024-11-05T08:21:57.136Z] <<< [apiv2][body] GET https://www.gstatic.com/firebasejs/releases.json {"current":{"version":"11.0.1","browserURL":"https://www.gstatic.com/firebasejs/11.0.1/firebase.js","packageURL":"https://www.gstatic.com/firebasejs/11.0.1/firebase.tgz"},"live":{"version":"11.0","browserURL":"https://www.gstatic.com/firebasejs/live/11.0/firebase.js","packageURL":"https://www.gstatic.com/firebasejs/live/11.0/firebase.tgz"},"components":{"analytics":"https://www.gstatic.com/firebasejs/11.0.1/firebase-analytics.js","app":"https://www.gstatic.com/firebasejs/11.0.1/firebase-app.js","app-check":"https://www.gstatic.com/firebasejs/11.0.1/firebase-app-check.js","auth":"https://www.gstatic.com/firebasejs/11.0.1/firebase-auth.js","auth/cordova":"https://www.gstatic.com/firebasejs/11.0.1/firebase-auth/cordova.js","auth/web-extension":"https://www.gstatic.com/firebasejs/11.0.1/firebase-auth/web-extension.js","functions":"https://www.gstatic.com/firebasejs/11.0.1/firebase-functions.js","firestore":"https://www.gstatic.com/firebasejs/11.0.1/firebase-firestore.js","firestore/lite":"https://www.gstatic.com/firebasejs/11.0.1/firebase-firestore/lite.js","installations":"https://www.gstatic.com/firebasejs/11.0.1/firebase-installations.js","storage":"https://www.gstatic.com/firebasejs/11.0.1/firebase-storage.js","performance":"https://www.gstatic.com/firebasejs/11.0.1/firebase-performance.js","remote-config":"https://www.gstatic.com/firebasejs/11.0.1/firebase-remote-config.js","messaging":"https://www.gstatic.com/firebasejs/11.0.1/firebase-messaging.js","messaging/sw":"https://www.gstatic.com/firebasejs/11.0.1/firebase-messaging/sw.js","database":"https://www.gstatic.com/firebasejs/11.0.1/firebase-database.js","vertexai":"https://www.gstatic.com/firebasejs/11.0.1/firebase-vertexai.js","data-connect":"https://www.gstatic.com/firebasejs/11.0.1/firebase-data-connect.js","firestore.memory":"https://www.gstatic.com/firebasejs/11.0.1/firebase-firestore.memory.js"}}
[info] i  Skipping write of public/index.html 
